0 verbose cli C:\Program Files\nodejs\node.exe C:\Program Files\nodejs\node_modules\npm\bin\npm-cli.js
1 info using npm@8.19.3
2 info using node@v18.13.0
3 timing npm:load:whichnode Completed in 1ms
4 timing config:load:defaults Completed in 3ms
5 timing config:load:file:C:\Program Files\nodejs\node_modules\npm\npmrc Completed in 11ms
6 timing config:load:builtin Completed in 12ms
7 timing config:load:cli Completed in 5ms
8 timing config:load:env Completed in 1ms
9 timing config:load:file:C:\Users\Marcela\Desktop\Universidad\Univalle\Ingienería de sistemas\Semestre 3\Desarrollo de software\DesarrolloSoftwareUnivalle\.npmrc Completed in 0ms
10 timing config:load:project Completed in 12ms
11 timing config:load:file:C:\Users\Marcela\.npmrc Completed in 0ms
12 timing config:load:user Completed in 1ms
13 timing config:load:file:C:\Users\Marcela\AppData\Roaming\npm\etc\npmrc Completed in 1ms
14 timing config:load:global Completed in 1ms
15 timing config:load:validate Completed in 0ms
16 timing config:load:credentials Completed in 2ms
17 timing config:load:setEnvs Completed in 3ms
18 timing config:load Completed in 40ms
19 timing npm:load:configload Completed in 40ms
20 timing npm:load:mkdirpcache Completed in 2ms
21 timing npm:load:mkdirplogs Completed in 1ms
22 verbose title npm install
23 verbose argv "install"
24 timing npm:load:setTitle Completed in 3ms
25 timing config:load:flatten Completed in 9ms
26 timing npm:load:display Completed in 14ms
27 verbose logfile logs-max:10 dir:C:\Users\Marcela\AppData\Local\npm-cache\_logs
28 verbose logfile C:\Users\Marcela\AppData\Local\npm-cache\_logs\2023-06-11T04_41_51_314Z-debug-0.log
29 timing npm:load:logFile Completed in 20ms
30 timing npm:load:timers Completed in 0ms
31 timing npm:load:configScope Completed in 0ms
32 timing npm:load Completed in 83ms
33 timing arborist:ctor Completed in 1ms
34 silly logfile start cleaning logs, removing 3 files
35 silly logfile done cleaning log files
36 timing idealTree:init Completed in 30ms
37 timing idealTree:userRequests Completed in 0ms
38 silly idealTree buildDeps
39 timing idealTree:#root Completed in 0ms
40 timing idealTree:buildDeps Completed in 3ms
41 timing idealTree:fixDepFlags Completed in 1ms
42 timing idealTree Completed in 37ms
43 timing reify:loadTrees Completed in 49ms
44 timing reify:diffTrees Completed in 2ms
45 silly reify moves {}
46 timing reify:retireShallow Completed in 5ms
47 timing reify:createSparse Completed in 0ms
48 timing reify:loadBundles Completed in 0ms
49 silly audit report null
50 timing reify:audit Completed in 3ms
51 timing reify:unpack Completed in 1ms
52 timing reify:unretire Completed in 0ms
53 timing build:queue Completed in 0ms
54 timing build:deps Completed in 2ms
55 timing build Completed in 3ms
56 timing reify:build Completed in 4ms
57 timing reify:trash Completed in 0ms
58 timing reify:save Completed in 27ms
59 timing reify Completed in 136ms
60 timing command:install Completed in 160ms
61 verbose exit 0
62 timing npm Completed in 714ms
63 info ok
