0 verbose cli C:\Program Files\nodejs\node.exe C:\Program Files\nodejs\node_modules\npm\bin\npm-cli.js
1 info using npm@8.19.3
2 info using node@v18.13.0
3 timing npm:load:whichnode Completed in 5ms
4 timing config:load:defaults Completed in 8ms
5 timing config:load:file:C:\Program Files\nodejs\node_modules\npm\npmrc Completed in 74ms
6 timing config:load:builtin Completed in 76ms
7 timing config:load:cli Completed in 37ms
8 timing config:load:env Completed in 4ms
9 timing config:load:file:C:\Users\Marcela\AppData\Local\Microsoft\TypeScript\5.1\.npmrc Completed in 21ms
10 timing config:load:project Completed in 213ms
11 timing config:load:file:C:\Users\Marcela\.npmrc Completed in 28ms
12 timing config:load:user Completed in 30ms
13 timing config:load:file:C:\Users\Marcela\AppData\Roaming\npm\etc\npmrc Completed in 20ms
14 timing config:load:global Completed in 32ms
15 timing config:load:validate Completed in 1ms
16 timing config:load:credentials Completed in 31ms
17 timing config:load:setEnvs Completed in 14ms
18 timing config:load Completed in 451ms
19 timing npm:load:configload Completed in 452ms
20 timing npm:load:mkdirpcache Completed in 12ms
21 timing npm:load:mkdirplogs Completed in 4ms
22 verbose title npm install types-registry@latest
23 verbose argv "install" "--ignore-scripts" "types-registry@latest"
24 timing npm:load:setTitle Completed in 64ms
25 timing config:load:flatten Completed in 80ms
26 timing npm:load:display Completed in 91ms
27 verbose logfile logs-max:10 dir:C:\Users\Marcela\AppData\Local\npm-cache\_logs
28 verbose logfile C:\Users\Marcela\AppData\Local\npm-cache\_logs\2023-06-12T01_04_05_494Z-debug-0.log
29 timing npm:load:logFile Completed in 89ms
30 timing npm:load:timers Completed in 0ms
31 timing npm:load:configScope Completed in 0ms
32 timing npm:load Completed in 727ms
33 timing arborist:ctor Completed in 4ms
34 silly logfile start cleaning logs, removing 3 files
35 silly logfile done cleaning log files
36 timing arborist:ctor Completed in 1ms
37 timing idealTree:init Completed in 135ms
38 http fetch GET 200 https://registry.npmjs.org/types-registry 1130ms (cache revalidated)
39 timing idealTree:userRequests Completed in 1226ms
40 silly idealTree buildDeps
41 silly fetch manifest types-registry@0.1.648
42 silly placeDep ROOT types-registry@0.1.648 OK for:  want: 0.1.648
43 timing idealTree:#root Completed in 43ms
44 timing idealTree:node_modules/types-registry Completed in 0ms
45 timing idealTree:buildDeps Completed in 48ms
46 timing idealTree:fixDepFlags Completed in 2ms
47 timing idealTree Completed in 1419ms
48 timing reify:loadTrees Completed in 1422ms
49 timing reify:diffTrees Completed in 6ms
50 silly reify moves {}
51 timing reify:retireShallow Completed in 14ms
52 timing reify:createSparse Completed in 63ms
53 timing reify:loadBundles Completed in 0ms
54 silly audit bulk request { 'types-registry': [ '0.1.648' ] }
55 http fetch POST 200 https://registry.npmjs.org/-/npm/v1/security/advisories/bulk 285ms
56 timing auditReport:getReport Completed in 309ms
57 silly audit report {}
58 timing auditReport:init Completed in 0ms
59 timing reify:audit Completed in 316ms
60 timing reifyNode:node_modules/types-registry Completed in 414ms
61 timing reify:unpack Completed in 416ms
62 timing reify:unretire Completed in 1ms
63 timing build:queue Completed in 3ms
64 timing build:deps Completed in 5ms
65 timing build Completed in 6ms
66 timing reify:build Completed in 8ms
67 timing reify:trash Completed in 0ms
68 timing reify:save Completed in 91ms
69 timing reify Completed in 2180ms
70 silly ADD node_modules/types-registry
71 timing command:install Completed in 2217ms
72 verbose exit 0
73 timing npm Completed in 9395ms
74 info ok
