0 verbose cli C:\Program Files\nodejs\node.exe C:\Program Files\nodejs\node_modules\npm\bin\npm-cli.js
1 info using npm@8.19.3
2 info using node@v18.13.0
3 timing npm:load:whichnode Completed in 1ms
4 timing config:load:defaults Completed in 5ms
5 timing config:load:file:C:\Program Files\nodejs\node_modules\npm\npmrc Completed in 11ms
6 timing config:load:builtin Completed in 12ms
7 timing config:load:cli Completed in 9ms
8 timing config:load:env Completed in 2ms
9 timing config:load:file:C:\Users\Marcela\AppData\Local\Microsoft\TypeScript\5.1\.npmrc Completed in 1ms
10 timing config:load:project Completed in 22ms
11 timing config:load:file:C:\Users\Marcela\.npmrc Completed in 0ms
12 timing config:load:user Completed in 2ms
13 timing config:load:file:C:\Users\Marcela\AppData\Roaming\npm\etc\npmrc Completed in 1ms
14 timing config:load:global Completed in 1ms
15 timing config:load:validate Completed in 1ms
16 timing config:load:credentials Completed in 3ms
17 timing config:load:setEnvs Completed in 4ms
18 timing config:load Completed in 63ms
19 timing npm:load:configload Completed in 63ms
20 timing npm:load:mkdirpcache Completed in 3ms
21 timing npm:load:mkdirplogs Completed in 1ms
22 verbose title npm install @types/react@ts5.1 @types/react-dom@ts5.1
23 verbose argv "install" "--ignore-scripts" "@types/react@ts5.1" "@types/react-dom@ts5.1" "--save-dev" "--user-agent" "typesInstaller/5.1.3"
24 timing npm:load:setTitle Completed in 5ms
25 timing config:load:flatten Completed in 11ms
26 timing npm:load:display Completed in 13ms
27 verbose logfile logs-max:10 dir:C:\Users\Marcela\AppData\Local\npm-cache\_logs
28 verbose logfile C:\Users\Marcela\AppData\Local\npm-cache\_logs\2023-06-12T01_04_21_528Z-debug-0.log
29 timing npm:load:logFile Completed in 21ms
30 timing npm:load:timers Completed in 1ms
31 timing npm:load:configScope Completed in 0ms
32 timing npm:load Completed in 111ms
33 timing arborist:ctor Completed in 3ms
34 silly logfile start cleaning logs, removing 3 files
35 timing idealTree:init Completed in 52ms
36 silly logfile done cleaning log files
37 timing arborist:ctor Completed in 0ms
38 http fetch GET 200 https://registry.npmjs.org/@types%2freact-dom 483ms (cache revalidated)
39 http fetch GET 200 https://registry.npmjs.org/@types%2freact 753ms (cache revalidated)
40 timing idealTree:userRequests Completed in 777ms
41 silly idealTree buildDeps
42 silly fetch manifest @types/react-dom@18.2.4
43 silly fetch manifest @types/react@18.2.11
44 silly placeDep ROOT @types/react@18.2.11 OK for:  want: 18.2.11
45 silly placeDep ROOT @types/react-dom@18.2.4 OK for:  want: 18.2.4
46 silly fetch manifest @types/prop-types@*
47 silly fetch manifest @types/scheduler@*
48 silly fetch manifest csstype@^3.0.2
49 http fetch GET 200 https://registry.npmjs.org/@types%2fprop-types 237ms (cache revalidated)
50 http fetch GET 200 https://registry.npmjs.org/csstype 255ms (cache revalidated)
51 http fetch GET 200 https://registry.npmjs.org/@types%2fscheduler 1235ms (cache revalidated)
52 timing idealTree:#root Completed in 1267ms
53 silly placeDep ROOT @types/prop-types@15.7.5 OK for: @types/react@18.2.11 want: *
54 silly placeDep ROOT @types/scheduler@0.16.3 OK for: @types/react@18.2.11 want: *
55 silly placeDep ROOT csstype@3.1.2 OK for: @types/react@18.2.11 want: ^3.0.2
56 timing idealTree:node_modules/@types/react Completed in 12ms
57 timing idealTree:node_modules/@types/prop-types Completed in 0ms
58 timing idealTree:node_modules/@types/react-dom Completed in 0ms
59 timing idealTree:node_modules/@types/scheduler Completed in 0ms
60 timing idealTree:node_modules/csstype Completed in 0ms
61 timing idealTree:buildDeps Completed in 1283ms
62 timing idealTree:fixDepFlags Completed in 1ms
63 timing idealTree Completed in 2117ms
64 timing reify:loadTrees Completed in 2119ms
65 timing reify:diffTrees Completed in 3ms
66 silly reify moves {}
67 timing reify:retireShallow Completed in 2ms
68 timing reify:createSparse Completed in 6ms
69 timing reify:loadBundles Completed in 0ms
70 silly audit bulk request {
70 silly audit   'types-registry': [ '0.1.648' ],
70 silly audit   '@types/react': [ '18.2.11' ],
70 silly audit   '@types/react-dom': [ '18.2.4' ],
70 silly audit   '@types/prop-types': [ '15.7.5' ],
70 silly audit   '@types/scheduler': [ '0.16.3' ],
70 silly audit   csstype: [ '3.1.2' ]
70 silly audit }
71 timing reifyNode:node_modules/@types/prop-types Completed in 160ms
72 timing reifyNode:node_modules/@types/scheduler Completed in 178ms
73 timing reifyNode:node_modules/csstype Completed in 253ms
74 timing reifyNode:node_modules/@types/react-dom Completed in 253ms
75 http fetch POST 200 https://registry.npmjs.org/-/npm/v1/security/advisories/bulk 261ms
76 timing auditReport:getReport Completed in 267ms
77 silly audit report {}
78 timing auditReport:init Completed in 0ms
79 timing reify:audit Completed in 270ms
80 timing reifyNode:node_modules/@types/react Completed in 351ms
81 timing reify:unpack Completed in 353ms
82 timing reify:unretire Completed in 1ms
83 timing build:queue Completed in 2ms
84 timing build:deps Completed in 3ms
85 timing build Completed in 4ms
86 timing reify:build Completed in 5ms
87 timing reify:trash Completed in 0ms
88 timing reify:save Completed in 33ms
89 timing reify Completed in 2576ms
90 silly ADD node_modules/csstype
91 silly ADD node_modules/@types/scheduler
92 silly ADD node_modules/@types/prop-types
93 silly ADD node_modules/@types/react-dom
94 silly ADD node_modules/@types/react
95 timing command:install Completed in 2593ms
96 verbose exit 0
97 timing npm Completed in 3243ms
98 info ok
