0 verbose cli C:\Program Files\nodejs\node.exe C:\Program Files\nodejs\node_modules\npm\bin\npm-cli.js
1 info using npm@8.19.3
2 info using node@v18.13.0
3 timing npm:load:whichnode Completed in 3ms
4 timing config:load:defaults Completed in 6ms
5 timing config:load:file:C:\Program Files\nodejs\node_modules\npm\npmrc Completed in 74ms
6 timing config:load:builtin Completed in 76ms
7 timing config:load:cli Completed in 13ms
8 timing config:load:env Completed in 3ms
9 timing config:load:project Completed in 22ms
10 timing config:load:file:C:\Users\Marcela\.npmrc Completed in 2ms
11 timing config:load:user Completed in 2ms
12 timing config:load:file:C:\Users\Marcela\AppData\Roaming\npm\etc\npmrc Completed in 5ms
13 timing config:load:global Completed in 7ms
14 timing config:load:validate Completed in 0ms
15 timing config:load:credentials Completed in 6ms
16 timing config:load:setEnvs Completed in 5ms
17 timing config:load Completed in 148ms
18 timing npm:load:configload Completed in 149ms
19 timing npm:load:mkdirpcache Completed in 54ms
20 timing npm:load:mkdirplogs Completed in 26ms
21 verbose title npm prefix
22 verbose argv "prefix" "--global"
23 timing npm:load:setTitle Completed in 43ms
24 timing config:load:flatten Completed in 25ms
25 timing npm:load:display Completed in 33ms
26 verbose logfile logs-max:10 dir:C:\Users\Marcela\AppData\Local\npm-cache\_logs
27 verbose logfile C:\Users\Marcela\AppData\Local\npm-cache\_logs\2023-06-12T01_04_03_931Z-debug-0.log
28 timing npm:load:logFile Completed in 88ms
29 timing npm:load:timers Completed in 0ms
30 timing npm:load:configScope Completed in 0ms
31 timing npm:load Completed in 401ms
32 timing command:prefix Completed in 10ms
33 verbose exit 0
34 timing npm Completed in 492ms
35 info ok
